Configuring hspec-core-2.2.1...
Building hspec-core-2.2.1...
Preprocessing library hspec-core-2.2.1...
[ 1 of 17] Compiling Test.Hspec.Timer ( src/Test/Hspec/Timer.hs, dist/dist-sandbox-abf71337/build/Test/Hspec/Timer.o )
[ 2 of 17] Compiling Test.Hspec.Compat ( src/Test/Hspec/Compat.hs, dist/dist-sandbox-abf71337/build/Test/Hspec/Compat.o )
[ 3 of 17] Compiling Test.Hspec.Core.Util ( src/Test/Hspec/Core/Util.hs, dist/dist-sandbox-abf71337/build/Test/Hspec/Core/Util.o )
[ 4 of 17] Compiling Test.Hspec.FailureReport ( src/Test/Hspec/FailureReport.hs, dist/dist-sandbox-abf71337/build/Test/Hspec/FailureReport.o )
[ 5 of 17] Compiling Test.Hspec.Core.QuickCheckUtil ( src/Test/Hspec/Core/QuickCheckUtil.hs, dist/dist-sandbox-abf71337/build/Test/Hspec/Core/QuickCheckUtil.o )
[ 6 of 17] Compiling Test.Hspec.Core.Example ( src/Test/Hspec/Core/Example.hs, dist/dist-sandbox-abf71337/build/Test/Hspec/Core/Example.o )
[ 7 of 17] Compiling Test.Hspec.Core.Tree ( src/Test/Hspec/Core/Tree.hs, dist/dist-sandbox-abf71337/build/Test/Hspec/Core/Tree.o )
[ 8 of 17] Compiling Test.Hspec.Core.Spec.Monad ( src/Test/Hspec/Core/Spec/Monad.hs, dist/dist-sandbox-abf71337/build/Test/Hspec/Core/Spec/Monad.o )
[ 9 of 17] Compiling Test.Hspec.Core.Spec ( src/Test/Hspec/Core/Spec.hs, dist/dist-sandbox-abf71337/build/Test/Hspec/Core/Spec.o )
[10 of 17] Compiling Test.Hspec.Core.Hooks ( src/Test/Hspec/Core/Hooks.hs, dist/dist-sandbox-abf71337/build/Test/Hspec/Core/Hooks.o )
[11 of 17] Compiling Test.Hspec.Core.Formatters.Internal ( src/Test/Hspec/Core/Formatters/Internal.hs, dist/dist-sandbox-abf71337/build/Test/Hspec/Core/Formatters/Internal.o )
[12 of 17] Compiling Test.Hspec.Core.Formatters ( src/Test/Hspec/Core/Formatters.hs, dist/dist-sandbox-abf71337/build/Test/Hspec/Core/Formatters.o )
[13 of 17] Compiling Test.Hspec.Options ( src/Test/Hspec/Options.hs, dist/dist-sandbox-abf71337/build/Test/Hspec/Options.o )
[14 of 17] Compiling Test.Hspec.Config ( src/Test/Hspec/Config.hs, dist/dist-sandbox-abf71337/build/Test/Hspec/Config.o )
[15 of 17] Compiling Test.Hspec.Core.Runner.Eval ( src/Test/Hspec/Core/Runner/Eval.hs, dist/dist-sandbox-abf71337/build/Test/Hspec/Core/Runner/Eval.o )
[16 of 17] Compiling Test.Hspec.Core.Runner ( src/Test/Hspec/Core/Runner.hs, dist/dist-sandbox-abf71337/build/Test/Hspec/Core/Runner.o )
[17 of 17] Compiling Test.Hspec.Core.QuickCheck ( src/Test/Hspec/Core/QuickCheck.hs, dist/dist-sandbox-abf71337/build/Test/Hspec/Core/QuickCheck.o )
In-place registering hspec-core-2.2.1...
Creating package registration file:
/tmp/pkgConf-hspec-core-2.28556362261749698586.1
Installing library in
/home/shimanek/Haskell_Workspace/H-99SetOne/problem9/.cabal-sandbox/lib/x86_64-linux-ghc-7.10.2/hspec-core-2.2.1-71WpYX1Z3a1LN0fqv8zFp9
Registering hspec-core-2.2.1...
